<?xml version="1.0" encoding="UTF-8"?>
<!-- Generated by org.testng.reporters.JUnitReportReporter -->
<testsuite hostname="LAPTOP-GRVVO5IQ" failures="0" tests="1" name="recipestest.lchf_foodProcess" time="2423.076" errors="0" timestamp="2025-05-12T13:40:20 EDT" skipped="0">
  <testcase classname="recipestest.lchf_foodProcess" name="scrapeAndFilterFoodRecipes" time="2423.076"/>
</testsuite> <!-- recipestest.lchf_foodProcess -->
