<?xml version="1.0" encoding="UTF-8"?>
<!-- Generated by org.testng.reporters.JUnitReportReporter -->
<testsuite hostname="LAPTOP-GRVVO5IQ" failures="0" tests="1" name="recipestest.LCHF_Diet_Add" time="1991.983" errors="0" timestamp="2025-05-12T15:27:42 EDT" skipped="0">
  <testcase classname="recipestest.LCHF_Diet_Add" name="scrapeReceipeUrls" time="1991.983"/>
</testsuite> <!-- recipestest.LCHF_Diet_Add -->
